nohup: ignoring input
[I 2025-01-10 18:16:24,599] A new study created in memory with name: no-name-1067c143-b386-49fd-a536-ec045848810c
/home/capi1206/Documents/deepL_tests/few_series/bay_optim_hyperparam.py:27: FutureWarning: suggest_uniform has been deprecated in v3.0.0. This feature will be removed in v6.0.0. See https://github.com/optuna/optuna/releases/tag/v3.0.0. Use suggest_float instead.
  "drop_prob": trial.suggest_uniform("drop_prob", 0.2, 0.4),
/home/capi1206/Documents/deepL_tests/few_series/bay_optim_hyperparam.py:29: FutureWarning: suggest_loguniform has been deprecated in v3.0.0. This feature will be removed in v6.0.0. See https://github.com/optuna/optuna/releases/tag/v3.0.0. Use suggest_float(..., log=True) instead.
  "l1_lambda": trial.suggest_loguniform("l1_lambda", 1e-5, 1e-2),
[I 2025-01-10 20:15:47,777] Trial 0 finished with value: 57.142857142857146 and parameters: {'d_model': 64, 'n_head': 2, 'ffn_hidden': 80, 'n_layers': 4, 'drop_prob': 0.3349031541362747, 'batch_size': 128, 'l1_lambda': 1.9555653944684697e-05}. Best is trial 0 with value: 57.142857142857146.
/home/capi1206/Documents/deepL_tests/few_series/bay_optim_hyperparam.py:27: FutureWarning: suggest_uniform has been deprecated in v3.0.0. This feature will be removed in v6.0.0. See https://github.com/optuna/optuna/releases/tag/v3.0.0. Use suggest_float instead.
  "drop_prob": trial.suggest_uniform("drop_prob", 0.2, 0.4),
/home/capi1206/Documents/deepL_tests/few_series/bay_optim_hyperparam.py:29: FutureWarning: suggest_loguniform has been deprecated in v3.0.0. This feature will be removed in v6.0.0. See https://github.com/optuna/optuna/releases/tag/v3.0.0. Use suggest_float(..., log=True) instead.
  "l1_lambda": trial.suggest_loguniform("l1_lambda", 1e-5, 1e-2),
[I 2025-01-10 20:46:59,391] Trial 1 finished with value: 57.01328150307742 and parameters: {'d_model': 64, 'n_head': 2, 'ffn_hidden': 80, 'n_layers': 2, 'drop_prob': 0.21238445533747471, 'batch_size': 128, 'l1_lambda': 2.4897002636843766e-05}. Best is trial 0 with value: 57.142857142857146.
[I 2025-01-10 21:25:22,075] Trial 2 finished with value: 58.79494655004859 and parameters: {'d_model': 64, 'n_head': 2, 'ffn_hidden': 80, 'n_layers': 2, 'drop_prob': 0.31547989473049776, 'batch_size': 32, 'l1_lambda': 3.1320115731394566e-05}. Best is trial 2 with value: 58.79494655004859.
   Total best acc changed to 48.234531908001294,  
                            at epoch 0/50 at the coin 13
   Total best acc changed to 50.17816650469712,  
                            at epoch 2/50 at the coin 13
   Total best acc changed to 50.46971169420149,  
                            at epoch 14/50 at the coin 13
   Total best acc changed to 50.50210560414642,  
                            at epoch 34/50 at the coin 13
   Total best acc changed to 54.0006478781989,  
                            at epoch 0/50 at the coin 13
  Early stopping triggered, with best val acc: 54.0006478781989, st
   Total best acc changed to 54.87528344671202,  
                            at epoch 6/50 at the coin 13
  Early stopping triggered, with best val acc: 54.87528344671202, st
  Early stopping triggered, with best val acc: 54.29219306770327, st
   Total best acc changed to 56.04146420472951,  
                            at epoch 0/50 at the coin 13
  Early stopping triggered, with best val acc: 56.04146420472951, st
  Early stopping triggered, with best val acc: 53.51473922902494, st
  Early stopping triggered, with best val acc: 51.4415289925494, st
  Early stopping triggered, with best val acc: 48.81762228701004, st
  Early stopping triggered, with best val acc: 52.28377065111759, st
  Early stopping triggered, with best val acc: 55.68513119533527, st
  Early stopping triggered, with best val acc: 48.428895367670876, st
  Early stopping triggered, with best val acc: 53.77389050858439, st
  Early stopping triggered, with best val acc: 52.640103660511826, st
   Total best acc changed to 56.43019112406868,  
                            at epoch 6/50 at the coin 13
   Total best acc changed to 57.142857142857146,  
                            at epoch 7/50 at the coin 13
   Early stopping triggered, with best val acc: 57.142857142857146, nd
  Early stopping triggered, with best val acc: 51.92743764172336, st
  Early stopping triggered, with best val acc: 55.10204081632653, st
  Early stopping triggered, with best val acc: 55.45837382572076, st
   Total best acc changed to 44.833171363783606,  
                            at epoch 0/50 at the coin 9
   Total best acc changed to 47.327502429543244,  
                            at epoch 1/50 at the coin 9
   Total best acc changed to 51.830255911888564,  
                            at epoch 2/50 at the coin 9
   Total best acc changed to 52.38095238095238,  
                            at epoch 5/50 at the coin 9
   Total best acc changed to 54.03304178814383,  
                            at epoch 7/50 at the coin 9
  Early stopping triggered, with best val acc: 54.03304178814383, st
  Early stopping triggered, with best val acc: 51.50631681243926, st
  Early stopping triggered, with best val acc: 48.13735017816651, st
   Total best acc changed to 56.33300939423388,  
                            at epoch 7/50 at the coin 9
  Early stopping triggered, with best val acc: 56.33300939423388, st
  Early stopping triggered, with best val acc: 53.22319403952057, st
  Early stopping triggered, with best val acc: 55.166828636216394, st
  Early stopping triggered, with best val acc: 49.20634920634921, st
  Early stopping triggered, with best val acc: 54.3245869776482, st
  Early stopping triggered, with best val acc: 52.024619371558146, st
  Early stopping triggered, with best val acc: 53.64431486880466, st
  Early stopping triggered, with best val acc: 50.76125688370586, st
  Early stopping triggered, with best val acc: 55.74991901522514, st
  Early stopping triggered, with best val acc: 53.12601230968578, st
  Early stopping triggered, with best val acc: 48.5584710074506, st
  Early stopping triggered, with best val acc: 52.704891480401685, st
  Early stopping triggered, with best val acc: 52.38095238095238, st
   Total best acc changed to 57.01328150307742,  
                            at epoch 1/50 at the coin 9
   Early stopping triggered, with best val acc: 57.01328150307742, nd
  Early stopping triggered, with best val acc: 52.76967930029154, st
   Total best acc changed to 47.975380628441854,  
                            at epoch 0/50 at the coin 9
   Total best acc changed to 48.461289277615805,  
                            at epoch 1/50 at the coin 9
   Total best acc changed to 54.454162617427926,  
                            at epoch 2/50 at the coin 9
  Early stopping triggered, with best val acc: 54.454162617427926, st
   Total best acc changed to 56.268221574344025,  
                            at epoch 3/50 at the coin 9
   Total best acc changed to 57.07806932296728,  
                            at epoch 5/50 at the coin 9
   Early stopping triggered, with best val acc: 57.07806932296728, nd
  Early stopping triggered, with best val acc: 51.4415289925494, st
   Total best acc changed to 57.88791707159054,  
                            at epoch 3/50 at the coin 9
   Early stopping triggered, with best val acc: 57.88791707159054, nd
  Early stopping triggered, with best val acc: 51.37674117265954, st
   Total best acc changed to 58.66537091026887,  
                            at epoch 0/50 at the coin 9
   Early stopping triggered, with best val acc: 58.66537091026887, nd
  Early stopping triggered, with best val acc: 52.80207321023648, st
  Early stopping triggered, with best val acc: 48.00777453838678, st
  Early stopping triggered, with best val acc: 55.52316164561063, st
  Early stopping triggered, with best val acc: 55.166828636216394, st
  Early stopping triggered, with best val acc: 51.21477162293489, st
  Early stopping triggered, with best val acc: 53.02883057985099, st
  Early stopping triggered, with best val acc: 51.765468091998706, st
  Early stopping triggered, with best val acc: 52.704891480401685, st
  Early stopping triggered, with best val acc: 56.559766763848394, st
  Early stopping triggered, with best val acc: 54.97246517654681, st
   Total best acc changed to 58.79494655004859,  
                            at epoch 0/50 at the coin 9
   Early stopping triggered, with best val acc: 58.79494655004859, nd
  Early stopping triggered, with best val acc: 55.587949465500486, st
  Early stopping triggered, with best val acc: 46.71201814058957, st
  Early stopping triggered, with best val acc: 51.08519598315517, st
   Total best acc changed to 43.34305150631681,  
                            at epoch 0/50 at the coin 15
   Total best acc changed to 46.32329122125041,  
                            at epoch 1/50 at the coin 15
   Total best acc changed to 49.951409135082606,  
                            at epoch 2/50 at the coin 15
   Total best acc changed to 50.56689342403628,  
                            at epoch 9/50 at the coin 15
   Total best acc changed to 51.18237771298996,  
                            at epoch 15/50 at the coin 15
  Early stopping triggered, with best val acc: 51.18237771298996, st
  Early stopping triggered, with best val acc: 46.25850340136054, st
   Total best acc changed to 52.899254940071266,  
                            at epoch 3/50 at the coin 15
   Total best acc changed to 53.2555879494655,  
                            at epoch 4/50 at the coin 15
   Total best acc changed to 54.61613216715258,  
                            at epoch 6/50 at the coin 15
  Early stopping triggered, with best val acc: 54.61613216715258, st
  Early stopping triggered, with best val acc: 49.303530936183996, st
  Early stopping triggered, with best val acc: 52.83446712018141, st
  Early stopping triggered, with best val acc: 50.98801425332037, st
  Early stopping triggered, with best val acc: 52.99643666990606, st
   Total best acc changed to 54.778101716877224,  
                            at epoch 23/50 at the coin 15
   Total best acc changed to 55.26401036605118,  
                            at epoch 26/50 at the coin 15
   Total best acc changed to 55.587949465500486,  
                            at epoch 37/50 at the coin 15
  Early stopping triggered, with best val acc: 49.40071266601879, st
  Early stopping triggered, with best val acc: 47.748623258827344, st
[I 2025-01-10 22:18:25,458] Trial 3 finished with value: 56.98088759313249 and parameters: {'d_model': 64, 'n_head': 2, 'ffn_hidden': 80, 'n_layers': 4, 'drop_prob': 0.3427484690228954, 'batch_size': 128, 'l1_lambda': 0.00011060399967026731}. Best is trial 2 with value: 58.79494655004859.
[I 2025-01-10 23:20:01,013] Trial 4 finished with value: 55.91188856494979 and parameters: {'d_model': 64, 'n_head': 2, 'ffn_hidden': 80, 'n_layers': 4, 'drop_prob': 0.2864056625562905, 'batch_size': 32, 'l1_lambda': 0.001282211933213663}. Best is trial 2 with value: 58.79494655004859.
[I 2025-01-11 00:13:04,180] Trial 5 finished with value: 57.75834143181082 and parameters: {'d_model': 64, 'n_head': 2, 'ffn_hidden': 80, 'n_layers': 4, 'drop_prob': 0.30844056258193886, 'batch_size': 64, 'l1_lambda': 1.1220994776244976e-05}. Best is trial 2 with value: 58.79494655004859.
[I 2025-01-11 01:13:11,884] Trial 6 finished with value: 56.81891804340784 and parameters: {'d_model': 64, 'n_head': 2, 'ffn_hidden': 80, 'n_layers': 4, 'drop_prob': 0.3820374973958957, 'batch_size': 64, 'l1_lambda': 4.0081325406103225e-05}. Best is trial 2 with value: 58.79494655004859.
   Total best acc changed to 56.20343375445416,  
                            at epoch 2/50 at the coin 15
  Early stopping triggered, with best val acc: 56.20343375445416, st
  Early stopping triggered, with best val acc: 53.871072238419174, st
  Early stopping triggered, with best val acc: 47.87819889860706, st
  Early stopping triggered, with best val acc: 53.51473922902494, st
   Total best acc changed to 56.98088759313249,  
                            at epoch 3/50 at the coin 15
  Early stopping triggered, with best val acc: 56.98088759313249, st
  Early stopping triggered, with best val acc: 54.713313896987366, st
  Early stopping triggered, with best val acc: 54.58373825720764, st
  Early stopping triggered, with best val acc: 53.806284418529316, st
  Early stopping triggered, with best val acc: 50.72886297376093, st
   Total best acc changed to 50.210560414642046,  
                            at epoch 0/50 at the coin 6
   Total best acc changed to 52.1865889212828,  
                            at epoch 14/50 at the coin 6
   Total best acc changed to 52.31616456106252,  
                            at epoch 18/50 at the coin 6
  Early stopping triggered, with best val acc: 52.31616456106252, st
  Early stopping triggered, with best val acc: 51.99222546161322, st
  Early stopping triggered, with best val acc: 49.951409135082606, st
  Early stopping triggered, with best val acc: 52.15419501133787, st
   Total best acc changed to 53.70910268869453,  
                            at epoch 6/50 at the coin 6
   Total best acc changed to 55.91188856494979,  
                            at epoch 10/50 at the coin 6
  Early stopping triggered, with best val acc: 55.91188856494979, st
  Early stopping triggered, with best val acc: 54.486556527372855, st
  Early stopping triggered, with best val acc: 54.259799157758344, st
  Early stopping triggered, with best val acc: 54.486556527372855, st
  Early stopping triggered, with best val acc: 52.80207321023648, st
  Early stopping triggered, with best val acc: 53.74149659863946, st
  Early stopping triggered, with best val acc: 55.45837382572076, st
  Early stopping triggered, with best val acc: 50.40492387431163, st
  Early stopping triggered, with best val acc: 52.38095238095238, st
  Early stopping triggered, with best val acc: 53.93586005830904, st
  Early stopping triggered, with best val acc: 48.10495626822158, st
  Early stopping triggered, with best val acc: 55.32879818594105, st
  Early stopping triggered, with best val acc: 49.20634920634921, st
  Early stopping triggered, with best val acc: 50.210560414642046, st
  Early stopping triggered, with best val acc: 54.64852607709751, st
  Early stopping triggered, with best val acc: 54.58373825720764, st
   Total best acc changed to 47.554259799157755,  
                            at epoch 0/50 at the coin 15
   Total best acc changed to 49.01198574667963,  
                            at epoch 1/50 at the coin 15
   Total best acc changed to 50.890832523485585,  
                            at epoch 5/50 at the coin 15
   Total best acc changed to 50.98801425332037,  
                            at epoch 8/50 at the coin 15
   Total best acc changed to 51.08519598315517,  
                            at epoch 9/50 at the coin 15
  Early stopping triggered, with best val acc: 51.08519598315517, st
   Total best acc changed to 53.28798185941043,  
                            at epoch 2/50 at the coin 15
   Total best acc changed to 53.41755749919015,  
                            at epoch 19/50 at the coin 15
   Total best acc changed to 54.61613216715258,  
                            at epoch 29/50 at the coin 15
  Early stopping triggered, with best val acc: 48.94719792678976, st
  Early stopping triggered, with best val acc: 54.22740524781341, st
   Total best acc changed to 55.26401036605118,  
                            at epoch 2/50 at the coin 15
   Total best acc changed to 55.52316164561063,  
                            at epoch 7/50 at the coin 15
   Total best acc changed to 55.55555555555556,  
                            at epoch 11/50 at the coin 15
  Early stopping triggered, with best val acc: 55.55555555555556, st
  Early stopping triggered, with best val acc: 52.931648850016195, st
  Early stopping triggered, with best val acc: 53.90346614836411, st
  Early stopping triggered, with best val acc: 54.35698088759313, st
  Early stopping triggered, with best val acc: 52.38095238095238, st
  Early stopping triggered, with best val acc: 52.737285390346614, st
  Early stopping triggered, with best val acc: 53.579527048914805, st
  Early stopping triggered, with best val acc: 53.67670877874959, st
  Early stopping triggered, with best val acc: 54.713313896987366, st
   Total best acc changed to 55.68513119533527,  
                            at epoch 0/50 at the coin 15
  Early stopping triggered, with best val acc: 55.68513119533527, st
  Early stopping triggered, with best val acc: 50.34013605442177, st
  Early stopping triggered, with best val acc: 52.60770975056689, st
   Total best acc changed to 57.75834143181082,  
                            at epoch 2/50 at the coin 15
   Early stopping triggered, with best val acc: 57.75834143181082, nd
  Early stopping triggered, with best val acc: 52.704891480401685, st
  Early stopping triggered, with best val acc: 49.65986394557823, st
   Total best acc changed to 49.27113702623907,  
                            at epoch 0/50 at the coin 20
   Total best acc changed to 52.60770975056689,  
                            at epoch 10/50 at the coin 20
   Total best acc changed to 54.0006478781989,  
                            at epoch 13/50 at the coin 20
  Early stopping triggered, with best val acc: 54.0006478781989, st
  Early stopping triggered, with best val acc: 53.70910268869453, st
  Early stopping triggered, with best val acc: 51.60349854227405, st
  Early stopping triggered, with best val acc: 50.890832523485585, st
  Early stopping triggered, with best val acc: 46.90638160025915, st
  Early stopping triggered, with best val acc: 48.5584710074506, st
  Early stopping triggered, with best val acc: 53.02883057985099, st
  Early stopping triggered, with best val acc: 50.50210560414642, st
  Early stopping triggered, with best val acc: 50.56689342403628, st
  Early stopping triggered, with best val acc: 52.445740200842245, st
   Total best acc changed to 54.259799157758344,  
                            at epoch 0/50 at the coin 20
   Total best acc changed to 55.19922254616132,  
                            at epoch 1/50 at the coin 20
   Total best acc changed to 55.68513119533527,  
                            at epoch 2/50 at the coin 20
  Early stopping triggered, with best val acc: 55.68513119533527, st
  Early stopping triggered, with best val acc: 53.48234531908001, st
  Early stopping triggered, with best val acc: 52.478134110787174, st
  Early stopping triggered, with best val acc: 53.22319403952057, st
  Early stopping triggered, with best val acc: 53.19080012957564, st
  Early stopping triggered, with best val acc: 54.61613216715258, st
  Early stopping triggered, with best val acc: 52.704891480401685, st
  Early stopping triggered, with best val acc: 53.32037576935536, st
   Total best acc changed to 56.81891804340784,  
                            at epoch 29/50 at the coin 20
  Early stopping triggered, with best val acc: 50.79365079365079, st
   Total best acc changed to 47.58665370910269,  
                            at epoch 0/50 at the coin 18
   Total best acc changed to 49.46550048590865,  
                            at epoch 1/50 at the coin 18
  Early stopping triggered, with best val acc: 49.46550048590865, st
   Total best acc changed to 51.31195335276968,  
                            at epoch 1/50 at the coin 18
   Total best acc changed to 51.60349854227405,  
                            at epoch 22/50 at the coin 18
  Early stopping triggered, with best val acc: 51.60349854227405, st
  Early stopping triggered, with best val acc: 51.05280207321024, st
[I 2025-01-11 02:05:09,600] Trial 7 finished with value: 55.71752510528021 and parameters: {'d_model': 64, 'n_head': 2, 'ffn_hidden': 80, 'n_layers': 4, 'drop_prob': 0.32750153442995034, 'batch_size': 64, 'l1_lambda': 0.0002677239684405952}. Best is trial 2 with value: 58.79494655004859.
[I 2025-01-11 02:33:45,645] Trial 8 finished with value: 56.36540330417881 and parameters: {'d_model': 64, 'n_head': 2, 'ffn_hidden': 80, 'n_layers': 2, 'drop_prob': 0.25129263325843176, 'batch_size': 128, 'l1_lambda': 0.005681979204268469}. Best is trial 2 with value: 58.79494655004859.
