[I 2025-01-11 03:16:53,770] Trial 9 finished with value: 57.628765792031096 and parameters: {'d_model': 64, 'n_head': 2, 'ffn_hidden': 80, 'n_layers': 2, 'drop_prob': 0.3906607708243772, 'batch_size': 32, 'l1_lambda': 0.0004004326584954222}. Best is trial 2 with value: 58.79494655004859.
   Total best acc changed to 51.765468091998706,  
                            at epoch 4/50 at the coin 18
   Total best acc changed to 52.704891480401685,  
                            at epoch 11/50 at the coin 18
   Total best acc changed to 53.158406219630706,  
                            at epoch 16/50 at the coin 18
  Early stopping triggered, with best val acc: 53.158406219630706, st
   Total best acc changed to 53.352769679300295,  
                            at epoch 7/50 at the coin 18
   Total best acc changed to 53.64431486880466,  
                            at epoch 11/50 at the coin 18
   Total best acc changed to 54.06543569808876,  
                            at epoch 19/50 at the coin 18
  Early stopping triggered, with best val acc: 54.06543569808876, st
  Early stopping triggered, with best val acc: 53.385163589245224, st
  Early stopping triggered, with best val acc: 48.59086491739553, st
  Early stopping triggered, with best val acc: 52.54292193067703, st
   Total best acc changed to 54.13022351797862,  
                            at epoch 5/50 at the coin 18
  Early stopping triggered, with best val acc: 54.13022351797862, st
   Total best acc changed to 54.259799157758344,  
                            at epoch 3/50 at the coin 18
  Early stopping triggered, with best val acc: 54.259799157758344, st
  Early stopping triggered, with best val acc: 47.262714609653386, st
  Early stopping triggered, with best val acc: 51.47392290249433, st
   Total best acc changed to 54.81049562682216,  
                            at epoch 27/50 at the coin 18
   Total best acc changed to 55.71752510528021,  
                            at epoch 29/50 at the coin 18
  Early stopping triggered, with best val acc: 53.51473922902494, st
  Early stopping triggered, with best val acc: 52.12180110139294, st
  Early stopping triggered, with best val acc: 52.86686103012634, st
  Early stopping triggered, with best val acc: 48.62325882734046, st
  Early stopping triggered, with best val acc: 51.86264982183349, st
  Early stopping triggered, with best val acc: 50.40492387431163, st
  Early stopping triggered, with best val acc: 52.86686103012634, st
   Total best acc changed to 45.64301911240687,  
                            at epoch 0/50 at the coin 9
   Total best acc changed to 48.234531908001294,  
                            at epoch 1/50 at the coin 9
   Total best acc changed to 49.53028830579851,  
                            at epoch 2/50 at the coin 9
   Total best acc changed to 49.85422740524781,  
                            at epoch 7/50 at the coin 9
   Total best acc changed to 50.30774214447684,  
                            at epoch 21/50 at the coin 9
   Total best acc changed to 51.797862001943635,  
                            at epoch 27/50 at the coin 9
  Early stopping triggered, with best val acc: 51.797862001943635, st
  Early stopping triggered, with best val acc: 50.08098477486232, st
  Early stopping triggered, with best val acc: 47.359896339488174, st
  Early stopping triggered, with best val acc: 51.797862001943635, st
   Total best acc changed to 52.38095238095238,  
                            at epoch 0/50 at the coin 9
   Total best acc changed to 52.899254940071266,  
                            at epoch 6/50 at the coin 9
  Early stopping triggered, with best val acc: 52.899254940071266, st
   Total best acc changed to 53.44995140913508,  
                            at epoch 4/50 at the coin 9
   Total best acc changed to 54.81049562682216,  
                            at epoch 5/50 at the coin 9
  Early stopping triggered, with best val acc: 54.81049562682216, st
  Early stopping triggered, with best val acc: 51.765468091998706, st
   Total best acc changed to 55.10204081632653,  
                            at epoch 8/50 at the coin 9
  Early stopping triggered, with best val acc: 55.10204081632653, st
  Early stopping triggered, with best val acc: 48.882410106899904, st
   Total best acc changed to 55.78231292517007,  
                            at epoch 0/50 at the coin 9
  Early stopping triggered, with best val acc: 55.78231292517007, st
  Early stopping triggered, with best val acc: 52.60770975056689, st
  Early stopping triggered, with best val acc: 54.97246517654681, st
  Early stopping triggered, with best val acc: 51.95983155166829, st
  Early stopping triggered, with best val acc: 54.55134434726271, st
  Early stopping triggered, with best val acc: 54.35698088759313, st
  Early stopping triggered, with best val acc: 53.77389050858439, st
   Total best acc changed to 55.91188856494979,  
                            at epoch 22/50 at the coin 9
   Total best acc changed to 56.36540330417881,  
                            at epoch 32/50 at the coin 9
  Early stopping triggered, with best val acc: 50.95562034337544, st
  Early stopping triggered, with best val acc: 48.234531908001294, st
  Early stopping triggered, with best val acc: 51.31195335276968, st
   Total best acc changed to 45.83738257207645,  
                            at epoch 0/50 at the coin 5
   Total best acc changed to 45.9993521218011,  
                            at epoch 1/50 at the coin 5
   Total best acc changed to 49.59507612568837,  
                            at epoch 2/50 at the coin 5
   Total best acc changed to 51.21477162293489,  
                            at epoch 8/50 at the coin 5
  Early stopping triggered, with best val acc: 51.21477162293489, st
   Total best acc changed to 51.24716553287982,  
                            at epoch 11/50 at the coin 5
   Total best acc changed to 51.31195335276968,  
                            at epoch 12/50 at the coin 5
   Total best acc changed to 51.95983155166829,  
                            at epoch 16/50 at the coin 5
  Early stopping triggered, with best val acc: 51.95983155166829, st
   Total best acc changed to 52.024619371558146,  
                            at epoch 5/50 at the coin 5
   Total best acc changed to 52.057013281503075,  
                            at epoch 19/50 at the coin 5
   Total best acc changed to 52.899254940071266,  
                            at epoch 28/50 at the coin 5
  Early stopping triggered, with best val acc: 52.899254940071266, st
  Early stopping triggered, with best val acc: 51.89504373177842, st
  Early stopping triggered, with best val acc: 51.765468091998706, st
  Early stopping triggered, with best val acc: 51.63589245221898, st
   Total best acc changed to 53.12601230968578,  
                            at epoch 28/50 at the coin 5
  Early stopping triggered, with best val acc: 53.12601230968578, st
  Early stopping triggered, with best val acc: 51.05280207321024, st
   Total best acc changed to 53.44995140913508,  
                            at epoch 11/50 at the coin 5
   Total best acc changed to 53.806284418529316,  
                            at epoch 27/50 at the coin 5
   Total best acc changed to 54.29219306770327,  
                            at epoch 34/50 at the coin 5
  Early stopping triggered, with best val acc: 49.46550048590865, st
  Early stopping triggered, with best val acc: 52.251376741172656, st
  Early stopping triggered, with best val acc: 52.60770975056689, st
  Early stopping triggered, with best val acc: 52.31616456106252, st
  Early stopping triggered, with best val acc: 52.1865889212828, st
  Early stopping triggered, with best val acc: 54.13022351797862, st
  Early stopping triggered, with best val acc: 48.33171363783609, st
  Early stopping triggered, with best val acc: 52.99643666990606, st
   Total best acc changed to 57.628765792031096,  
                            at epoch 3/50 at the coin 5
   Early stopping triggered, with best val acc: 57.628765792031096, nd
  Early stopping triggered, with best val acc: 50.98801425332037, st
   Total best acc changed to 47.19792678976352,  
                            at epoch 0/50 at the coin 9
   Total best acc changed to 47.68383543893748,  
                            at epoch 1/50 at the coin 9
   Total best acc changed to 53.32037576935536,  
                            at epoch 2/50 at the coin 9
[I 2025-01-11 03:59:26,557] Trial 10 finished with value: 57.402008422416586 and parameters: {'d_model': 64, 'n_head': 2, 'ffn_hidden': 80, 'n_layers': 2, 'drop_prob': 0.26747364740453466, 'batch_size': 32, 'l1_lambda': 8.190914286518776e-05}. Best is trial 2 with value: 58.79494655004859.
[I 2025-01-11 04:31:12,596] Trial 11 finished with value: 59.15127955944283 and parameters: {'d_model': 64, 'n_head': 2, 'ffn_hidden': 80, 'n_layers': 2, 'drop_prob': 0.30836465817763503, 'batch_size': 64, 'l1_lambda': 1.3313696888188591e-05}. Best is trial 11 with value: 59.15127955944283.
[I 2025-01-11 05:11:16,695] Trial 12 finished with value: 56.36540330417881 and parameters: {'d_model': 64, 'n_head': 2, 'ffn_hidden': 80, 'n_layers': 2, 'drop_prob': 0.36351827436997314, 'batch_size': 32, 'l1_lambda': 1.0849940650644154e-05}. Best is trial 11 with value: 59.15127955944283.
   Total best acc changed to 54.06543569808876,  
                            at epoch 21/50 at the coin 9
  Early stopping triggered, with best val acc: 54.06543569808876, st
  Early stopping triggered, with best val acc: 51.27955944282475, st
  Early stopping triggered, with best val acc: 52.76967930029154, st
  Early stopping triggered, with best val acc: 51.05280207321024, st
  Early stopping triggered, with best val acc: 53.579527048914805, st
  Early stopping triggered, with best val acc: 53.02883057985099, st
  Early stopping triggered, with best val acc: 52.28377065111759, st
   Total best acc changed to 54.97246517654681,  
                            at epoch 0/50 at the coin 9
  Early stopping triggered, with best val acc: 54.97246517654681, st
  Early stopping triggered, with best val acc: 51.05280207321024, st
  Early stopping triggered, with best val acc: 53.09361839974085, st
  Early stopping triggered, with best val acc: 48.94719792678976, st
  Early stopping triggered, with best val acc: 51.05280207321024, st
  Early stopping triggered, with best val acc: 52.964042759961124, st
   Total best acc changed to 56.62455458373826,  
                            at epoch 12/50 at the coin 9
  Early stopping triggered, with best val acc: 56.62455458373826, st
  Early stopping triggered, with best val acc: 50.40492387431163, st
   Total best acc changed to 57.402008422416586,  
                            at epoch 1/50 at the coin 9
   Early stopping triggered, with best val acc: 57.402008422416586, nd
  Early stopping triggered, with best val acc: 52.76967930029154, st
  Early stopping triggered, with best val acc: 51.27955944282475, st
  Early stopping triggered, with best val acc: 55.74991901522514, st
   Total best acc changed to 47.262714609653386,  
                            at epoch 0/50 at the coin 18
   Total best acc changed to 49.91901522513768,  
                            at epoch 5/50 at the coin 18
   Total best acc changed to 50.11337868480726,  
                            at epoch 23/50 at the coin 18
   Total best acc changed to 50.3725299643667,  
                            at epoch 30/50 at the coin 18
   Total best acc changed to 51.50631681243926,  
                            at epoch 32/50 at the coin 18
   Total best acc changed to 51.60349854227405,  
                            at epoch 48/50 at the coin 18
  Early stopping triggered, with best val acc: 47.91059280855199, st
  Early stopping triggered, with best val acc: 49.36831875607386, st
   Total best acc changed to 54.259799157758344,  
                            at epoch 2/50 at the coin 18
   Total best acc changed to 54.745707806932295,  
                            at epoch 5/50 at the coin 18
   Total best acc changed to 56.68934240362812,  
                            at epoch 7/50 at the coin 18
  Early stopping triggered, with best val acc: 56.68934240362812, st
  Early stopping triggered, with best val acc: 52.76967930029154, st
  Early stopping triggered, with best val acc: 54.38937479753806, st
  Early stopping triggered, with best val acc: 53.385163589245224, st
  Early stopping triggered, with best val acc: 53.74149659863946, st
  Early stopping triggered, with best val acc: 50.30774214447684, st
   Total best acc changed to 56.72173631357305,  
                            at epoch 1/50 at the coin 18
   Total best acc changed to 59.05409782960803,  
                            at epoch 2/50 at the coin 18
   Total best acc changed to 59.15127955944283,  
                            at epoch 4/50 at the coin 18
   Early stopping triggered, with best val acc: 59.15127955944283, nd
  Early stopping triggered, with best val acc: 53.41755749919015, st
  Early stopping triggered, with best val acc: 55.166828636216394, st
  Early stopping triggered, with best val acc: 49.65986394557823, st
  Early stopping triggered, with best val acc: 54.745707806932295, st
  Early stopping triggered, with best val acc: 52.83446712018141, st
  Early stopping triggered, with best val acc: 53.547133138969876, st
  Early stopping triggered, with best val acc: 52.024619371558146, st
  Early stopping triggered, with best val acc: 50.56689342403628, st
  Early stopping triggered, with best val acc: 55.00485908649174, st
   Total best acc changed to 53.22319403952057,  
                            at epoch 0/50 at the coin 10
   Total best acc changed to 53.96825396825397,  
                            at epoch 2/50 at the coin 10
  Early stopping triggered, with best val acc: 53.96825396825397, st
  Early stopping triggered, with best val acc: 50.56689342403628, st
  Early stopping triggered, with best val acc: 53.09361839974085, st
  Early stopping triggered, with best val acc: 52.445740200842245, st
  Early stopping triggered, with best val acc: 51.40913508260447, st
  Early stopping triggered, with best val acc: 50.72886297376093, st
  Early stopping triggered, with best val acc: 52.057013281503075, st
  Early stopping triggered, with best val acc: 48.882410106899904, st
   Total best acc changed to 54.90767735665695,  
                            at epoch 20/50 at the coin 10
  Early stopping triggered, with best val acc: 54.90767735665695, st
   Total best acc changed to 56.36540330417881,  
                            at epoch 0/50 at the coin 10
  Early stopping triggered, with best val acc: 56.36540330417881, st
  Early stopping triggered, with best val acc: 53.32037576935536, st
  Early stopping triggered, with best val acc: 55.26401036605118, st
  Early stopping triggered, with best val acc: 49.69225785552316, st
  Early stopping triggered, with best val acc: 52.99643666990606, st
  Early stopping triggered, with best val acc: 53.02883057985099, st
  Early stopping triggered, with best val acc: 52.83446712018141, st
  Early stopping triggered, with best val acc: 51.4415289925494, st
  Early stopping triggered, with best val acc: 53.611920958859734, st
  Early stopping triggered, with best val acc: 52.99643666990606, st
  Early stopping triggered, with best val acc: 48.169744088111436, st
   Total best acc changed to 46.22610949141561,  
                            at epoch 0/50 at the coin 14
   Total best acc changed to 52.445740200842245,  
                            at epoch 1/50 at the coin 14
   Total best acc changed to 52.5105280207321,  
                            at epoch 22/50 at the coin 14
  Early stopping triggered, with best val acc: 52.5105280207321, st
   Total best acc changed to 57.11046323291221,  
                            at epoch 0/50 at the coin 14
   Early stopping triggered, with best val acc: 57.11046323291221, nd
  Early stopping triggered, with best val acc: 47.71622934888241, st
  Early stopping triggered, with best val acc: 49.01198574667963, st
  Early stopping triggered, with best val acc: 53.67670877874959, st
  Early stopping triggered, with best val acc: 52.83446712018141, st
  Early stopping triggered, with best val acc: 53.611920958859734, st
  Early stopping triggered, with best val acc: 53.158406219630706, st
  Early stopping triggered, with best val acc: 51.02040816326531, st
  Early stopping triggered, with best val acc: 50.56689342403628, st
  Early stopping triggered, with best val acc: 54.87528344671202, st
  Early stopping triggered, with best val acc: 52.024619371558146, st
   Total best acc changed to 57.33722060252673,  
                            at epoch 2/50 at the coin 14
   Early stopping triggered, with best val acc: 57.33722060252673, nd
  Early stopping triggered, with best val acc: 52.34855847100745, st
  Early stopping triggered, with best val acc: 54.940071266601876, st
  Early stopping triggered, with best val acc: 51.70068027210884, st
  Early stopping triggered, with best val acc: 52.931648850016195, st
  Early stopping triggered, with best val acc: 51.47392290249433, st
   Total best acc changed to 57.628765792031096,  
                            at epoch 9/50 at the coin 14
   Total best acc changed to 58.40621963070943,  
                            at epoch 18/50 at the coin 14
   Early stopping triggered, with best val acc: 58.40621963070943, nd
[I 2025-01-11 05:43:32,395] Trial 13 finished with value: 59.15127955944283 and parameters: {'d_model': 64, 'n_head': 2, 'ffn_hidden': 80, 'n_layers': 2, 'drop_prob': 0.30112194215161137, 'batch_size': 64, 'l1_lambda': 6.262421819195328e-05}. Best is trial 11 with value: 59.15127955944283.
[I 2025-01-11 06:18:41,375] Trial 14 finished with value: 57.175251052802075 and parameters: {'d_model': 64, 'n_head': 2, 'ffn_hidden': 80, 'n_layers': 2, 'drop_prob': 0.2774768479059585, 'batch_size': 64, 'l1_lambda': 9.453939507077484e-05}. Best is trial 11 with value: 59.15127955944283.
[I 2025-01-11 06:52:26,935] Trial 15 finished with value: 60.18788467768059 and parameters: {'d_model': 64, 'n_head': 2, 'ffn_hidden': 80, 'n_layers': 2, 'drop_prob': 0.23853364371371044, 'batch_size': 64, 'l1_lambda': 0.0003209338473538532}. Best is trial 15 with value: 60.18788467768059.
