[I 2025-01-11 11:28:50,226] Trial 23 finished with value: 57.79073534175575 and parameters: {'d_model': 64, 'n_head': 2, 'ffn_hidden': 80, 'n_layers': 2, 'drop_prob': 0.3197286551511202, 'batch_size': 64, 'l1_lambda': 0.0001805507544592099}. Best is trial 15 with value: 60.18788467768059.
  Early stopping triggered, with best val acc: 56.235827664399096, st
  Early stopping triggered, with best val acc: 54.97246517654681, st
   Total best acc changed to 47.295108519598315,  
                            at epoch 0/50 at the coin 12
   Total best acc changed to 47.65144152899255,  
                            at epoch 12/50 at the coin 12
   Total best acc changed to 48.49368318756074,  
                            at epoch 15/50 at the coin 12
   Total best acc changed to 48.52607709750567,  
                            at epoch 25/50 at the coin 12
  Early stopping triggered, with best val acc: 48.52607709750567, st
   Total best acc changed to 50.27534823453191,  
                            at epoch 4/50 at the coin 12
  Early stopping triggered, with best val acc: 50.27534823453191, st
   Total best acc changed to 50.82604470359573,  
                            at epoch 7/50 at the coin 12
   Total best acc changed to 51.27955944282475,  
                            at epoch 22/50 at the coin 12
  Early stopping triggered, with best val acc: 51.27955944282475, st
   Total best acc changed to 51.95983155166829,  
                            at epoch 0/50 at the coin 12
   Total best acc changed to 54.64852607709751,  
                            at epoch 1/50 at the coin 12
  Early stopping triggered, with best val acc: 54.64852607709751, st
  Early stopping triggered, with best val acc: 48.00777453838678, st
  Early stopping triggered, with best val acc: 50.242954324586975, st
  Early stopping triggered, with best val acc: 52.445740200842245, st
   Total best acc changed to 57.434402332361515,  
                            at epoch 3/50 at the coin 12
   Total best acc changed to 57.98509880142533,  
                            at epoch 7/50 at the coin 12
   Early stopping triggered, with best val acc: 57.98509880142533, nd
  Early stopping triggered, with best val acc: 54.61613216715258, st
  Early stopping triggered, with best val acc: 55.45837382572076, st
  Early stopping triggered, with best val acc: 51.86264982183349, st
  Early stopping triggered, with best val acc: 55.91188856494979, st
  Early stopping triggered, with best val acc: 53.19080012957564, st
  Early stopping triggered, with best val acc: 55.87949465500486, st
  Early stopping triggered, with best val acc: 53.838678328474245, st
  Early stopping triggered, with best val acc: 52.31616456106252, st
  Early stopping triggered, with best val acc: 53.90346614836411, st
  Early stopping triggered, with best val acc: 50.923226433430514, st
  Early stopping triggered, with best val acc: 49.109167476514415, st
   Total best acc changed to 46.128927761580826,  
                            at epoch 0/50 at the coin 9
   Total best acc changed to 48.461289277615805,  
                            at epoch 3/50 at the coin 9
   Total best acc changed to 49.076773566569486,  
                            at epoch 4/50 at the coin 9
   Total best acc changed to 50.79365079365079,  
                            at epoch 5/50 at the coin 9
   Total best acc changed to 51.21477162293489,  
                            at epoch 9/50 at the coin 9
  Early stopping triggered, with best val acc: 51.21477162293489, st
  Early stopping triggered, with best val acc: 50.56689342403628, st
  Early stopping triggered, with best val acc: 50.56689342403628, st
  Early stopping triggered, with best val acc: 50.30774214447684, st
  Early stopping triggered, with best val acc: 47.8134110787172, st
   Total best acc changed to 52.21898283122773,  
                            at epoch 1/50 at the coin 9
   Total best acc changed to 54.3245869776482,  
                            at epoch 2/50 at the coin 9
   Total best acc changed to 54.38937479753806,  
                            at epoch 19/50 at the coin 9
   Total best acc changed to 56.65694849368319,  
                            at epoch 31/50 at the coin 9
  Early stopping triggered, with best val acc: 50.08098477486232, st
  Early stopping triggered, with best val acc: 54.81049562682216, st
  Early stopping triggered, with best val acc: 53.02883057985099, st
  Early stopping triggered, with best val acc: 50.890832523485585, st
  Early stopping triggered, with best val acc: 54.03304178814383, st
  Early stopping triggered, with best val acc: 48.78522837706511, st
  Early stopping triggered, with best val acc: 49.91901522513768, st
  Early stopping triggered, with best val acc: 52.54292193067703, st
  Early stopping triggered, with best val acc: 53.48234531908001, st
  Early stopping triggered, with best val acc: 55.814706835115, st
  Early stopping triggered, with best val acc: 49.789439585357954, st
   Total best acc changed to 52.057013281503075,  
                            at epoch 0/50 at the coin 1
   Total best acc changed to 52.60770975056689,  
                            at epoch 1/50 at the coin 1
  Early stopping triggered, with best val acc: 52.60770975056689, st
   Total best acc changed to 52.704891480401685,  
                            at epoch 2/50 at the coin 1
   Total best acc changed to 53.352769679300295,  
                            at epoch 4/50 at the coin 1
   Total best acc changed to 54.3245869776482,  
                            at epoch 8/50 at the coin 1
   Total best acc changed to 55.32879818594105,  
                            at epoch 11/50 at the coin 1
   Total best acc changed to 55.425979915775834,  
                            at epoch 15/50 at the coin 1
   Total best acc changed to 55.55555555555556,  
                            at epoch 21/50 at the coin 1
   Total best acc changed to 57.04567541302235,  
                            at epoch 22/50 at the coin 1
   Early stopping triggered, with best val acc: 57.04567541302235, nd
  Early stopping triggered, with best val acc: 53.579527048914805, st
  Early stopping triggered, with best val acc: 54.13022351797862, st
  Early stopping triggered, with best val acc: 50.11337868480726, st
  Early stopping triggered, with best val acc: 53.32037576935536, st
  Early stopping triggered, with best val acc: 56.073858114674444, st
  Early stopping triggered, with best val acc: 52.445740200842245, st
  Early stopping triggered, with best val acc: 53.22319403952057, st
   Total best acc changed to 57.79073534175575,  
                            at epoch 16/50 at the coin 1
   Early stopping triggered, with best val acc: 57.79073534175575, nd
  Early stopping triggered, with best val acc: 55.361192095885976, st
  Early stopping triggered, with best val acc: 56.04146420472951, st
  Early stopping triggered, with best val acc: 47.975380628441854, st
  Early stopping triggered, with best val acc: 50.59928733398121, st
  Early stopping triggered, with best val acc: 53.838678328474245, st
  Early stopping triggered, with best val acc: 51.31195335276968, st
  Early stopping triggered, with best val acc: 52.99643666990606, st
  Early stopping triggered, with best val acc: 49.36831875607386, st
  Early stopping triggered, with best val acc: 52.41334629089731, st
   Total best acc changed to 50.696469063816004,  
                            at epoch 0/50 at the coin 20
   Total best acc changed to 52.80207321023648,  
                            at epoch 1/50 at the coin 20
  Early stopping triggered, with best val acc: 52.80207321023648, st
   Total best acc changed to 53.547133138969876,  
                            at epoch 2/50 at the coin 20
   Total best acc changed to 55.32879818594105,  
                            at epoch 8/50 at the coin 20
  Early stopping triggered, with best val acc: 55.32879818594105, st
  Early stopping triggered, with best val acc: 52.1865889212828, st
   Total best acc changed to 55.393586005830905,  
                            at epoch 4/50 at the coin 20
   Total best acc changed to 56.20343375445416,  
                            at epoch 5/50 at the coin 20
  Early stopping triggered, with best val acc: 56.20343375445416, st
   Total best acc changed to 56.494978943958536,  
                            at epoch 45/50 at the coin 20
[I 2025-01-11 12:02:32,004] Trial 24 finished with value: 57.11046323291221 and parameters: {'d_model': 64, 'n_head': 2, 'ffn_hidden': 80, 'n_layers': 2, 'drop_prob': 0.2939883197585027, 'batch_size': 64, 'l1_lambda': 0.0005292017059298068}. Best is trial 15 with value: 60.18788467768059.
[I 2025-01-11 12:40:02,630] Trial 25 finished with value: 58.47100745059929 and parameters: {'d_model': 64, 'n_head': 2, 'ffn_hidden': 80, 'n_layers': 2, 'drop_prob': 0.22709626655298082, 'batch_size': 64, 'l1_lambda': 5.487007354105111e-05}. Best is trial 15 with value: 60.18788467768059.
[I 2025-01-11 13:10:27,119] Trial 26 finished with value: 59.863945578231295 and parameters: {'d_model': 64, 'n_head': 2, 'ffn_hidden': 80, 'n_layers': 2, 'drop_prob': 0.27079221633740175, 'batch_size': 64, 'l1_lambda': 0.00019624416556455928}. Best is trial 15 with value: 60.18788467768059.
   Total best acc changed to 57.11046323291221,  
                            at epoch 0/50 at the coin 20
   Early stopping triggered, with best val acc: 57.11046323291221, nd
  Early stopping triggered, with best val acc: 50.242954324586975, st
  Early stopping triggered, with best val acc: 50.27534823453191, st
  Early stopping triggered, with best val acc: 52.672497570456756, st
  Early stopping triggered, with best val acc: 54.19501133786848, st
  Early stopping triggered, with best val acc: 54.454162617427926, st
  Early stopping triggered, with best val acc: 52.445740200842245, st
  Early stopping triggered, with best val acc: 55.94428247489472, st
  Early stopping triggered, with best val acc: 49.27113702623907, st
  Early stopping triggered, with best val acc: 51.92743764172336, st
  Early stopping triggered, with best val acc: 52.024619371558146, st
  Early stopping triggered, with best val acc: 53.90346614836411, st
  Early stopping triggered, with best val acc: 53.90346614836411, st
  Early stopping triggered, with best val acc: 51.830255911888564, st
   Total best acc changed to 46.03174603174603,  
                            at epoch 0/50 at the coin 7
   Total best acc changed to 48.13735017816651,  
                            at epoch 1/50 at the coin 7
   Total best acc changed to 48.29931972789116,  
                            at epoch 2/50 at the coin 7
   Total best acc changed to 48.461289277615805,  
                            at epoch 14/50 at the coin 7
   Total best acc changed to 48.97959183673469,  
                            at epoch 17/50 at the coin 7
  Early stopping triggered, with best val acc: 48.97959183673469, st
   Total best acc changed to 51.08519598315517,  
                            at epoch 0/50 at the coin 7
   Total best acc changed to 51.92743764172336,  
                            at epoch 1/50 at the coin 7
   Total best acc changed to 55.652737285390344,  
                            at epoch 2/50 at the coin 7
   Total best acc changed to 56.65694849368319,  
                            at epoch 5/50 at the coin 7
   Total best acc changed to 56.754130223517976,  
                            at epoch 7/50 at the coin 7
   Total best acc changed to 57.33722060252673,  
                            at epoch 19/50 at the coin 7
   Total best acc changed to 58.43861354065436,  
                            at epoch 20/50 at the coin 7
   Total best acc changed to 58.47100745059929,  
                            at epoch 33/50 at the coin 7
   Early stopping triggered, with best val acc: 58.47100745059929, nd
  Early stopping triggered, with best val acc: 53.51473922902494, st
  Early stopping triggered, with best val acc: 50.242954324586975, st
  Early stopping triggered, with best val acc: 50.95562034337544, st
   Early stopping triggered, with best val acc: 57.82312925170068, nd
  Early stopping triggered, with best val acc: 49.72465176546809, st
  Early stopping triggered, with best val acc: 51.66828636216391, st
  Early stopping triggered, with best val acc: 54.42176870748299, st
  Early stopping triggered, with best val acc: 53.158406219630706, st
  Early stopping triggered, with best val acc: 47.8134110787172, st
  Early stopping triggered, with best val acc: 56.300615484288954, st
  Early stopping triggered, with best val acc: 55.00485908649174, st
  Early stopping triggered, with best val acc: 52.964042759961124, st
  Early stopping triggered, with best val acc: 54.940071266601876, st
  Early stopping triggered, with best val acc: 48.26692581794622, st
  Early stopping triggered, with best val acc: 55.0696469063816, st
  Early stopping triggered, with best val acc: 53.547133138969876, st
  Early stopping triggered, with best val acc: 48.10495626822158, st
   Total best acc changed to 50.59928733398121,  
                            at epoch 0/50 at the coin 15
   Total best acc changed to 51.05280207321024,  
                            at epoch 4/50 at the coin 15
   Total best acc changed to 51.21477162293489,  
                            at epoch 12/50 at the coin 15
   Total best acc changed to 51.40913508260447,  
                            at epoch 21/50 at the coin 15
   Total best acc changed to 52.057013281503075,  
                            at epoch 30/50 at the coin 15
   Total best acc changed to 53.22319403952057,  
                            at epoch 47/50 at the coin 15
   Total best acc changed to 53.352769679300295,  
                            at epoch 21/50 at the coin 15
  Early stopping triggered, with best val acc: 53.352769679300295, st
  Early stopping triggered, with best val acc: 51.117589893100096, st
  Early stopping triggered, with best val acc: 51.99222546161322, st
   Total best acc changed to 55.94428247489472,  
                            at epoch 0/50 at the coin 15
  Early stopping triggered, with best val acc: 55.94428247489472, st
  Early stopping triggered, with best val acc: 53.77389050858439, st
   Total best acc changed to 56.00907029478458,  
                            at epoch 8/50 at the coin 15
   Total best acc changed to 56.754130223517976,  
                            at epoch 29/50 at the coin 15
  Early stopping triggered, with best val acc: 52.12180110139294, st
  Early stopping triggered, with best val acc: 53.385163589245224, st
  Early stopping triggered, with best val acc: 53.48234531908001, st
  Early stopping triggered, with best val acc: 49.56268221574344, st
  Early stopping triggered, with best val acc: 48.428895367670876, st
   Total best acc changed to 59.442824748947196,  
                            at epoch 1/50 at the coin 15
   Early stopping triggered, with best val acc: 59.442824748947196, nd
  Early stopping triggered, with best val acc: 56.81891804340784, st
  Early stopping triggered, with best val acc: 52.80207321023648, st
  Early stopping triggered, with best val acc: 54.778101716877224, st
   Total best acc changed to 59.863945578231295,  
                            at epoch 0/50 at the coin 15
   Early stopping triggered, with best val acc: 59.863945578231295, nd
  Early stopping triggered, with best val acc: 56.754130223517976, st
  Early stopping triggered, with best val acc: 50.63168124392614, st
  Early stopping triggered, with best val acc: 48.10495626822158, st
  Early stopping triggered, with best val acc: 54.454162617427926, st
   Total best acc changed to 48.49368318756074,  
                            at epoch 0/50 at the coin 6
   Total best acc changed to 48.78522837706511,  
                            at epoch 1/50 at the coin 6
   Total best acc changed to 49.04437965662456,  
                            at epoch 2/50 at the coin 6
   Total best acc changed to 49.65986394557823,  
                            at epoch 3/50 at the coin 6
   Total best acc changed to 51.05280207321024,  
                            at epoch 5/50 at the coin 6
   Total best acc changed to 51.830255911888564,  
                            at epoch 12/50 at the coin 6
   Total best acc changed to 52.41334629089731,  
                            at epoch 16/50 at the coin 6
  Early stopping triggered, with best val acc: 52.41334629089731, st
  Early stopping triggered, with best val acc: 52.38095238095238, st
   Total best acc changed to 52.86686103012634,  
                            at epoch 2/50 at the coin 6
  Early stopping triggered, with best val acc: 52.86686103012634, st
  Early stopping triggered, with best val acc: 45.96695821185617, st
   Total best acc changed to 52.964042759961124,  
                            at epoch 2/50 at the coin 6
  Early stopping triggered, with best val acc: 52.964042759961124, st
  Early stopping triggered, with best val acc: 51.47392290249433, st
  Early stopping triggered, with best val acc: 50.3725299643667, st
  Early stopping triggered, with best val acc: 52.737285390346614, st
  Early stopping triggered, with best val acc: 50.63168124392614, st
  Early stopping triggered, with best val acc: 50.048590864917394, st
   Total best acc changed to 54.454162617427926,  
                            at epoch 36/50 at the coin 6
[I 2025-01-11 13:46:22,840] Trial 27 finished with value: 58.17946226109491 and parameters: {'d_model': 64, 'n_head': 2, 'ffn_hidden': 80, 'n_layers': 2, 'drop_prob': 0.27049021966863596, 'batch_size': 64, 'l1_lambda': 0.0020038742488042954}. Best is trial 15 with value: 60.18788467768059.
[I 2025-01-11 14:11:37,542] Trial 28 finished with value: 56.36540330417881 and parameters: {'d_model': 64, 'n_head': 2, 'ffn_hidden': 80, 'n_layers': 2, 'drop_prob': 0.24963336349578746, 'batch_size': 128, 'l1_lambda': 0.0007985943642196976}. Best is trial 15 with value: 60.18788467768059.
