[I 2025-01-11 07:28:15,751] Trial 16 finished with value: 58.01749271137026 and parameters: {'d_model': 64, 'n_head': 2, 'ffn_hidden': 80, 'n_layers': 2, 'drop_prob': 0.21792099990239694, 'batch_size': 64, 'l1_lambda': 0.0011667423541167083}. Best is trial 15 with value: 60.18788467768059.
   Total best acc changed to 59.15127955944283,  
                            at epoch 0/50 at the coin 14
   Early stopping triggered, with best val acc: 59.15127955944283, nd
   Total best acc changed to 47.19792678976352,  
                            at epoch 0/50 at the coin 18
   Total best acc changed to 47.42468415937804,  
                            at epoch 3/50 at the coin 18
   Total best acc changed to 48.26692581794622,  
                            at epoch 4/50 at the coin 18
   Total best acc changed to 48.91480401684483,  
                            at epoch 7/50 at the coin 18
   Total best acc changed to 50.242954324586975,  
                            at epoch 9/50 at the coin 18
   Total best acc changed to 50.30774214447684,  
                            at epoch 20/50 at the coin 18
   Total best acc changed to 52.1865889212828,  
                            at epoch 22/50 at the coin 18
  Early stopping triggered, with best val acc: 52.1865889212828, st
  Early stopping triggered, with best val acc: 48.62325882734046, st
   Total best acc changed to 52.5105280207321,  
                            at epoch 1/50 at the coin 18
   Total best acc changed to 53.74149659863946,  
                            at epoch 3/50 at the coin 18
   Total best acc changed to 54.06543569808876,  
                            at epoch 6/50 at the coin 18
   Total best acc changed to 54.35698088759313,  
                            at epoch 19/50 at the coin 18
   Total best acc changed to 55.10204081632653,  
                            at epoch 20/50 at the coin 18
  Early stopping triggered, with best val acc: 55.10204081632653, st
  Early stopping triggered, with best val acc: 53.611920958859734, st
  Early stopping triggered, with best val acc: 53.77389050858439, st
  Early stopping triggered, with best val acc: 53.51473922902494, st
  Early stopping triggered, with best val acc: 51.765468091998706, st
  Early stopping triggered, with best val acc: 48.5584710074506, st
  Early stopping triggered, with best val acc: 48.97959183673469, st
  Early stopping triggered, with best val acc: 54.09782960803369, st
  Early stopping triggered, with best val acc: 53.93586005830904, st
  Early stopping triggered, with best val acc: 51.40913508260447, st
  Early stopping triggered, with best val acc: 51.18237771298996, st
  Early stopping triggered, with best val acc: 54.486556527372855, st
   Total best acc changed to 55.78231292517007,  
                            at epoch 0/50 at the coin 18
   Total best acc changed to 56.04146420472951,  
                            at epoch 17/50 at the coin 18
   Total best acc changed to 57.175251052802075,  
                            at epoch 22/50 at the coin 18
   Early stopping triggered, with best val acc: 57.175251052802075, nd
  Early stopping triggered, with best val acc: 52.54292193067703, st
  Early stopping triggered, with best val acc: 50.08098477486232, st
  Early stopping triggered, with best val acc: 47.521865889212826, st
  Early stopping triggered, with best val acc: 51.95983155166829, st
  Early stopping triggered, with best val acc: 54.38937479753806, st
   Total best acc changed to 47.748623258827344,  
                            at epoch 0/50 at the coin 15
   Total best acc changed to 47.87819889860706,  
                            at epoch 8/50 at the coin 15
   Total best acc changed to 50.59928733398121,  
                            at epoch 11/50 at the coin 15
  Early stopping triggered, with best val acc: 50.59928733398121, st
  Early stopping triggered, with best val acc: 49.59507612568837, st
   Total best acc changed to 51.765468091998706,  
                            at epoch 3/50 at the coin 15
  Early stopping triggered, with best val acc: 51.765468091998706, st
   Total best acc changed to 51.95983155166829,  
                            at epoch 3/50 at the coin 15
  Early stopping triggered, with best val acc: 51.95983155166829, st
   Total best acc changed to 52.34855847100745,  
                            at epoch 0/50 at the coin 15
   Total best acc changed to 56.268221574344025,  
                            at epoch 1/50 at the coin 15
   Total best acc changed to 57.207644962747004,  
                            at epoch 3/50 at the coin 15
   Early stopping triggered, with best val acc: 57.207644962747004, nd
  Early stopping triggered, with best val acc: 53.12601230968578, st
  Early stopping triggered, with best val acc: 51.50631681243926, st
  Early stopping triggered, with best val acc: 54.84288953676709, st
  Early stopping triggered, with best val acc: 49.6274700356333, st
  Early stopping triggered, with best val acc: 51.02040816326531, st
   Total best acc changed to 58.049886621315196,  
                            at epoch 8/50 at the coin 15
   Total best acc changed to 58.40621963070943,  
                            at epoch 11/50 at the coin 15
   Total best acc changed to 60.18788467768059,  
                            at epoch 13/50 at the coin 15
   Early stopping triggered, with best val acc: 60.18788467768059, nd
  Early stopping triggered, with best val acc: 52.445740200842245, st
  Early stopping triggered, with best val acc: 56.68934240362812, st
  Early stopping triggered, with best val acc: 50.56689342403628, st
  Early stopping triggered, with best val acc: 54.19501133786848, st
  Early stopping triggered, with best val acc: 54.29219306770327, st
  Early stopping triggered, with best val acc: 52.83446712018141, st
  Early stopping triggered, with best val acc: 56.59216067379333, st
  Early stopping triggered, with best val acc: 53.70910268869453, st
   Total best acc changed to 46.58244250080985,  
                            at epoch 0/50 at the coin 10
   Total best acc changed to 48.65565273728539,  
                            at epoch 2/50 at the coin 10
   Total best acc changed to 52.640103660511826,  
                            at epoch 4/50 at the coin 10
   Total best acc changed to 54.518950437317784,  
                            at epoch 7/50 at the coin 10
  Early stopping triggered, with best val acc: 54.518950437317784, st
  Early stopping triggered, with best val acc: 50.696469063816004, st
  Early stopping triggered, with best val acc: 53.19080012957564, st
   Total best acc changed to 57.30482669258179,  
                            at epoch 0/50 at the coin 10
   Total best acc changed to 58.01749271137026,  
                            at epoch 11/50 at the coin 10
   Early stopping triggered, with best val acc: 58.01749271137026, nd
  Early stopping triggered, with best val acc: 50.53449951409135, st
  Early stopping triggered, with best val acc: 50.82604470359573, st
  Early stopping triggered, with best val acc: 52.15419501133787, st
  Early stopping triggered, with best val acc: 53.838678328474245, st
  Early stopping triggered, with best val acc: 53.611920958859734, st
  Early stopping triggered, with best val acc: 52.21898283122773, st
  Early stopping triggered, with best val acc: 51.40913508260447, st
  Early stopping triggered, with best val acc: 54.58373825720764, st
  Early stopping triggered, with best val acc: 53.41755749919015, st
  Early stopping triggered, with best val acc: 52.964042759961124, st
  Early stopping triggered, with best val acc: 52.60770975056689, st
  Early stopping triggered, with best val acc: 53.02883057985099, st
  Early stopping triggered, with best val acc: 48.81762228701004, st
  Early stopping triggered, with best val acc: 56.300615484288954, st
  Early stopping triggered, with best val acc: 51.08519598315517, st
   Total best acc changed to 51.24716553287982,  
                            at epoch 0/50 at the coin 13
   Total best acc changed to 54.22740524781341,  
                            at epoch 3/50 at the coin 13
   Total best acc changed to 54.97246517654681,  
                            at epoch 5/50 at the coin 13
   Total best acc changed to 55.26401036605118,  
                            at epoch 8/50 at the coin 13
  Early stopping triggered, with best val acc: 55.26401036605118, st
[I 2025-01-11 08:00:10,265] Trial 17 finished with value: 58.309037900874635 and parameters: {'d_model': 64, 'n_head': 2, 'ffn_hidden': 80, 'n_layers': 2, 'drop_prob': 0.2398258072595372, 'batch_size': 64, 'l1_lambda': 0.00029319474936035695}. Best is trial 15 with value: 60.18788467768059.
[I 2025-01-11 08:32:01,943] Trial 18 finished with value: 58.79494655004859 and parameters: {'d_model': 64, 'n_head': 2, 'ffn_hidden': 80, 'n_layers': 2, 'drop_prob': 0.23843775548625137, 'batch_size': 64, 'l1_lambda': 0.0007533176592691715}. Best is trial 15 with value: 60.18788467768059.
[I 2025-01-11 09:04:22,495] Trial 19 finished with value: 58.85973436993845 and parameters: {'d_model': 64, 'n_head': 2, 'ffn_hidden': 80, 'n_layers': 2, 'drop_prob': 0.2610717180933331, 'batch_size': 64, 'l1_lambda': 0.004308530719567761}. Best is trial 15 with value: 60.18788467768059.
  Early stopping triggered, with best val acc: 51.149983803045025, st
  Early stopping triggered, with best val acc: 50.79365079365079, st
  Early stopping triggered, with best val acc: 52.057013281503075, st
   Total best acc changed to 55.49076773566569,  
                            at epoch 0/50 at the coin 13
  Early stopping triggered, with best val acc: 55.49076773566569, st
  Early stopping triggered, with best val acc: 51.538710722384195, st
  Early stopping triggered, with best val acc: 48.5584710074506, st
   Total best acc changed to 57.9527048914804,  
                            at epoch 1/50 at the coin 13
   Early stopping triggered, with best val acc: 57.9527048914804, nd
  Early stopping triggered, with best val acc: 54.06543569808876, st
  Early stopping triggered, with best val acc: 54.29219306770327, st
  Early stopping triggered, with best val acc: 51.765468091998706, st
  Early stopping triggered, with best val acc: 50.82604470359573, st
   Total best acc changed to 58.309037900874635,  
                            at epoch 0/50 at the coin 13
   Early stopping triggered, with best val acc: 58.309037900874635, nd
  Early stopping triggered, with best val acc: 52.60770975056689, st
  Early stopping triggered, with best val acc: 55.847100745059926, st
  Early stopping triggered, with best val acc: 51.95983155166829, st
  Early stopping triggered, with best val acc: 48.39650145772595, st
  Early stopping triggered, with best val acc: 52.899254940071266, st
  Early stopping triggered, with best val acc: 54.29219306770327, st
  Early stopping triggered, with best val acc: 51.31195335276968, st
   Total best acc changed to 46.420472951085195,  
                            at epoch 0/50 at the coin 6
   Total best acc changed to 47.554259799157755,  
                            at epoch 1/50 at the coin 6
  Early stopping triggered, with best val acc: 47.554259799157755, st
   Total best acc changed to 48.49368318756074,  
                            at epoch 1/50 at the coin 6
   Total best acc changed to 49.85422740524781,  
                            at epoch 3/50 at the coin 6
   Total best acc changed to 50.242954324586975,  
                            at epoch 6/50 at the coin 6
  Early stopping triggered, with best val acc: 50.242954324586975, st
   Total best acc changed to 52.251376741172656,  
                            at epoch 0/50 at the coin 6
   Total best acc changed to 55.10204081632653,  
                            at epoch 1/50 at the coin 6
   Total best acc changed to 58.79494655004859,  
                            at epoch 2/50 at the coin 6
   Early stopping triggered, with best val acc: 58.79494655004859, nd
  Early stopping triggered, with best val acc: 54.97246517654681, st
  Early stopping triggered, with best val acc: 51.24716553287982, st
  Early stopping triggered, with best val acc: 50.82604470359573, st
  Early stopping triggered, with best val acc: 53.90346614836411, st
  Early stopping triggered, with best val acc: 54.06543569808876, st
  Early stopping triggered, with best val acc: 55.19922254616132, st
  Early stopping triggered, with best val acc: 48.234531908001294, st
  Early stopping triggered, with best val acc: 53.32037576935536, st
  Early stopping triggered, with best val acc: 49.141561386459344, st
  Early stopping triggered, with best val acc: 54.03304178814383, st
  Early stopping triggered, with best val acc: 53.12601230968578, st
  Early stopping triggered, with best val acc: 50.76125688370586, st
  Early stopping triggered, with best val acc: 52.54292193067703, st
  Early stopping triggered, with best val acc: 53.28798185941043, st
   Total best acc changed to 46.77680596047943,  
                            at epoch 0/50 at the coin 14
   Total best acc changed to 47.39229024943311,  
                            at epoch 1/50 at the coin 14
   Total best acc changed to 47.8134110787172,  
                            at epoch 2/50 at the coin 14
   Total best acc changed to 48.39650145772595,  
                            at epoch 13/50 at the coin 14
  Early stopping triggered, with best val acc: 48.39650145772595, st
   Total best acc changed to 52.41334629089731,  
                            at epoch 0/50 at the coin 14
   Total best acc changed to 54.16261742792355,  
                            at epoch 3/50 at the coin 14
  Early stopping triggered, with best val acc: 54.16261742792355, st
   Total best acc changed to 58.85973436993845,  
                            at epoch 0/50 at the coin 14
   Early stopping triggered, with best val acc: 58.85973436993845, nd
  Early stopping triggered, with best val acc: 55.32879818594105, st
  Early stopping triggered, with best val acc: 49.40071266601879, st
   Early stopping triggered, with best val acc: 57.466796242306444, nd
   Early stopping triggered, with best val acc: 57.56397797214124, nd
   Early stopping triggered, with best val acc: 58.73015873015873, nd
  Early stopping triggered, with best val acc: 53.41755749919015, st
  Early stopping triggered, with best val acc: 55.620343375445415, st
  Early stopping triggered, with best val acc: 56.91609977324263, st
  Early stopping triggered, with best val acc: 51.92743764172336, st
  Early stopping triggered, with best val acc: 53.93586005830904, st
  Early stopping triggered, with best val acc: 53.51473922902494, st
  Early stopping triggered, with best val acc: 52.54292193067703, st
  Early stopping triggered, with best val acc: 48.52607709750567, st
  Early stopping triggered, with best val acc: 51.24716553287982, st
  Early stopping triggered, with best val acc: 51.149983803045025, st
   Early stopping triggered, with best val acc: 57.402008422416586, nd
   Total best acc changed to 50.048590864917394,  
                            at epoch 0/50 at the coin 3
   Total best acc changed to 52.15419501133787,  
                            at epoch 10/50 at the coin 3
  Early stopping triggered, with best val acc: 52.15419501133787, st
   Total best acc changed to 52.704891480401685,  
                            at epoch 1/50 at the coin 3
   Total best acc changed to 53.09361839974085,  
                            at epoch 2/50 at the coin 3
   Total best acc changed to 53.158406219630706,  
                            at epoch 5/50 at the coin 3
   Total best acc changed to 53.41755749919015,  
                            at epoch 6/50 at the coin 3
   Total best acc changed to 54.55134434726271,  
                            at epoch 10/50 at the coin 3
   Total best acc changed to 54.84288953676709,  
                            at epoch 13/50 at the coin 3
   Total best acc changed to 55.74991901522514,  
                            at epoch 30/50 at the coin 3
   Total best acc changed to 56.04146420472951,  
                            at epoch 33/50 at the coin 3
  Early stopping triggered, with best val acc: 52.899254940071266, st
  Early stopping triggered, with best val acc: 48.850016196954975, st
  Early stopping triggered, with best val acc: 55.29640427599611, st
  Early stopping triggered, with best val acc: 50.72886297376093, st
  Early stopping triggered, with best val acc: 46.80919987042436, st
  Early stopping triggered, with best val acc: 51.24716553287982, st
  Early stopping triggered, with best val acc: 51.830255911888564, st
  Early stopping triggered, with best val acc: 53.385163589245224, st
   Total best acc changed to 56.1386459345643,  
                            at epoch 15/50 at the coin 3
   Total best acc changed to 56.268221574344025,  
                            at epoch 28/50 at the coin 3
  Early stopping triggered, with best val acc: 56.268221574344025, st
  Early stopping triggered, with best val acc: 53.579527048914805, st
  Early stopping triggered, with best val acc: 54.97246517654681, st
  Early stopping triggered, with best val acc: 54.06543569808876, st
  Early stopping triggered, with best val acc: 51.765468091998706, st
  Early stopping triggered, with best val acc: 53.28798185941043, st
  Early stopping triggered, with best val acc: 53.06122448979592, st
[I 2025-01-11 09:40:35,274] Trial 20 finished with value: 56.268221574344025 and parameters: {'d_model': 64, 'n_head': 2, 'ffn_hidden': 80, 'n_layers': 2, 'drop_prob': 0.28762634722074387, 'batch_size': 64, 'l1_lambda': 0.0028259950859511416}. Best is trial 15 with value: 60.18788467768059.
[I 2025-01-11 10:18:28,663] Trial 21 finished with value: 57.98509880142533 and parameters: {'d_model': 64, 'n_head': 2, 'ffn_hidden': 80, 'n_layers': 2, 'drop_prob': 0.3021960343092633, 'batch_size': 64, 'l1_lambda': 5.648358730955461e-05}. Best is trial 15 with value: 60.18788467768059.
[I 2025-01-11 10:54:16,278] Trial 22 finished with value: 56.65694849368319 and parameters: {'d_model': 64, 'n_head': 2, 'ffn_hidden': 80, 'n_layers': 2, 'drop_prob': 0.3502118832979189, 'batch_size': 64, 'l1_lambda': 0.00015360568493383598}. Best is trial 15 with value: 60.18788467768059.
