[I 2025-01-11 15:02:15,272] Trial 29 finished with value: 59.31324910916748 and parameters: {'d_model': 64, 'n_head': 2, 'ffn_hidden': 80, 'n_layers': 4, 'drop_prob': 0.2043531592097369, 'batch_size': 64, 'l1_lambda': 0.008699844897928998}. Best is trial 15 with value: 60.18788467768059.
  Early stopping triggered, with best val acc: 48.169744088111436, st
   Total best acc changed to 55.97667638483965,  
                            at epoch 2/50 at the coin 6
   Total best acc changed to 56.10625202461937,  
                            at epoch 3/50 at the coin 6
   Total best acc changed to 56.559766763848394,  
                            at epoch 4/50 at the coin 6
   Total best acc changed to 56.8837058632977,  
                            at epoch 6/50 at the coin 6
   Total best acc changed to 57.175251052802075,  
                            at epoch 7/50 at the coin 6
   Total best acc changed to 58.17946226109491,  
                            at epoch 10/50 at the coin 6
   Early stopping triggered, with best val acc: 58.17946226109491, nd
  Early stopping triggered, with best val acc: 49.789439585357954, st
  Early stopping triggered, with best val acc: 55.0696469063816, st
  Early stopping triggered, with best val acc: 54.940071266601876, st
  Early stopping triggered, with best val acc: 55.23161645610625, st
  Early stopping triggered, with best val acc: 53.41755749919015, st
  Early stopping triggered, with best val acc: 52.478134110787174, st
   Total best acc changed to 44.44444444444444,  
                            at epoch 0/50 at the coin 9
   Total best acc changed to 50.048590864917394,  
                            at epoch 1/50 at the coin 9
   Total best acc changed to 51.40913508260447,  
                            at epoch 2/50 at the coin 9
   Total best acc changed to 53.41755749919015,  
                            at epoch 5/50 at the coin 9
  Early stopping triggered, with best val acc: 53.41755749919015, st
  Early stopping triggered, with best val acc: 51.34434726271461, st
   Total best acc changed to 53.806284418529316,  
                            at epoch 0/50 at the coin 9
   Total best acc changed to 53.838678328474245,  
                            at epoch 15/50 at the coin 9
   Total best acc changed to 54.68091998704244,  
                            at epoch 24/50 at the coin 9
   Total best acc changed to 54.81049562682216,  
                            at epoch 35/50 at the coin 9
  Early stopping triggered, with best val acc: 54.22740524781341, st
  Early stopping triggered, with best val acc: 50.17816650469712, st
  Early stopping triggered, with best val acc: 53.96825396825397, st
   Total best acc changed to 56.36540330417881,  
                            at epoch 0/50 at the coin 9
  Early stopping triggered, with best val acc: 56.36540330417881, st
  Early stopping triggered, with best val acc: 53.871072238419174, st
  Early stopping triggered, with best val acc: 51.571104632329124, st
  Early stopping triggered, with best val acc: 52.54292193067703, st
  Early stopping triggered, with best val acc: 52.76967930029154, st
  Early stopping triggered, with best val acc: 54.55134434726271, st
  Early stopping triggered, with best val acc: 50.63168124392614, st
  Early stopping triggered, with best val acc: 52.34855847100745, st
  Early stopping triggered, with best val acc: 49.65986394557823, st
  Early stopping triggered, with best val acc: 50.664075153871075, st
  Early stopping triggered, with best val acc: 56.073858114674444, st
  Early stopping triggered, with best val acc: 53.838678328474245, st
  Early stopping triggered, with best val acc: 52.737285390346614, st
  Early stopping triggered, with best val acc: 51.571104632329124, st
  Early stopping triggered, with best val acc: 50.98801425332037, st
   Total best acc changed to 49.82183349530288,  
                            at epoch 0/50 at the coin 13
   Total best acc changed to 51.31195335276968,  
                            at epoch 2/50 at the coin 13
   Total best acc changed to 52.38095238095238,  
                            at epoch 7/50 at the coin 13
  Early stopping triggered, with best val acc: 52.38095238095238, st
   Total best acc changed to 56.10625202461937,  
                            at epoch 0/50 at the coin 13
  Early stopping triggered, with best val acc: 56.10625202461937, st
  Early stopping triggered, with best val acc: 54.0006478781989, st
  Early stopping triggered, with best val acc: 49.53028830579851, st
  Early stopping triggered, with best val acc: 50.95562034337544, st
  Early stopping triggered, with best val acc: 55.19922254616132, st
  Early stopping triggered, with best val acc: 52.54292193067703, st
  Early stopping triggered, with best val acc: 54.09782960803369, st
  Early stopping triggered, with best val acc: 53.158406219630706, st
  Early stopping triggered, with best val acc: 51.70068027210884, st
  Early stopping triggered, with best val acc: 55.361192095885976, st
  Early stopping triggered, with best val acc: 51.95983155166829, st
  Early stopping triggered, with best val acc: 51.92743764172336, st
  Early stopping triggered, with best val acc: 51.95983155166829, st
  Early stopping triggered, with best val acc: 54.09782960803369, st
   Total best acc changed to 56.36540330417881,  
                            at epoch 0/50 at the coin 13
  Early stopping triggered, with best val acc: 56.36540330417881, st
  Early stopping triggered, with best val acc: 54.259799157758344, st
  Early stopping triggered, with best val acc: 52.251376741172656, st
   Total best acc changed to 59.31324910916748,  
                            at epoch 23/50 at the coin 13
   Early stopping triggered, with best val acc: 59.31324910916748, nd
Best hyperparameters: {'d_model': 64, 'n_head': 2, 'ffn_hidden': 80, 'n_layers': 2, 'drop_prob': 0.23853364371371044, 'batch_size': 64, 'l1_lambda': 0.0003209338473538532}

Best validation accuracy: 60.18788467768059

The input series was reduced to the 52 with the highest score of multual information with respect to the target binary variable

